-------------------------------------------------------------------------------
Test set: br.com.restassuredapitesting.tests.booking.tests.GetBookingTest
-------------------------------------------------------------------------------
Tests run: 12, Failures: 5, Errors: 0, Skipped: 0, Time elapsed: 6.778 s <<< FAILURE! - in br.com.restassuredapitesting.tests.booking.tests.GetBookingTest
validateErrorSearchWrongFirstnameParameter(br.com.restassuredapitesting.tests.booking.tests.GetBookingTest)  Time elapsed: 1.834 s  <<< FAILURE!
java.lang.AssertionError: 
1 expectation failed.
Expected status code <400> but was <200>.

	at br.com.restassuredapitesting.tests.booking.tests.GetBookingTest.validateErrorSearchWrongFirstnameParameter(GetBookingTest.java:217)

valiateBookingSearchCheckoutTwiceParameter(br.com.restassuredapitesting.tests.booking.tests.GetBookingTest)  Time elapsed: 4.07 s  <<< FAILURE!
java.lang.AssertionError: 
1 expectation failed.
Expected status code <200> but was <500>.

	at br.com.restassuredapitesting.tests.booking.tests.GetBookingTest.valiateBookingSearchCheckoutTwiceParameter(GetBookingTest.java:169)

validateBookingSearchNameCheckinCheckoutParameter(br.com.restassuredapitesting.tests.booking.tests.GetBookingTest)  Time elapsed: 4.353 s  <<< FAILURE!
java.lang.AssertionError: 
1 expectation failed.
JSON path bookingid doesn't match.
Expected: a collection containing <702>
  Actual: []

	at br.com.restassuredapitesting.tests.booking.tests.GetBookingTest.validateBookingSearchNameCheckinCheckoutParameter(GetBookingTest.java:192)

validateSearchErrorInvalidParameter(br.com.restassuredapitesting.tests.booking.tests.GetBookingTest)  Time elapsed: 4.075 s  <<< FAILURE!
java.lang.AssertionError: 
1 expectation failed.
Expected status code <400> but was <200>.

	at br.com.restassuredapitesting.tests.booking.tests.GetBookingTest.validateSearchErrorInvalidParameter(GetBookingTest.java:233)

validateBookingSearchCheckinParameter(br.com.restassuredapitesting.tests.booking.tests.GetBookingTest)  Time elapsed: 4.339 s  <<< FAILURE!
java.lang.AssertionError: 
1 expectation failed.
JSON path bookingid doesn't match.
Expected: a collection containing <698>
  Actual: [6, 2, 4, 9, 10]

	at br.com.restassuredapitesting.tests.booking.tests.GetBookingTest.validateBookingSearchCheckinParameter(GetBookingTest.java:134)

