-------------------------------------------------------------------------------
Test set: br.com.restassuredapitesting.tests.booking.tests.PostBookingTest
-------------------------------------------------------------------------------
Tests run: 5, Failures: 1, Errors: 0, Skipped: 0, Time elapsed: 1.716 s <<< FAILURE! - in br.com.restassuredapitesting.tests.booking.tests.PostBookingTest
validateCreateNewBookingWithExtraParameter(br.com.restassuredapitesting.tests.booking.tests.PostBookingTest)  Time elapsed: 0.87 s  <<< FAILURE!
java.lang.AssertionError: 
1 expectation failed.
JSON path booking doesn't match.
Expected: map containing ["campo 1"->ANYTHING]
  Actual: {firstname=Emmaline, additionalneeds=Breakfast, bookingdates={checkin=2018-01-01, checkout=2019-01-01}, totalprice=111, depositpaid=true, lastname=Leannon}

	at br.com.restassuredapitesting.tests.booking.tests.PostBookingTest.validateCreateNewBookingWithExtraParameter(PostBookingTest.java:64)

