-------------------------------------------------------------------------------
Test set: br.com.restassuredapitesting.runners.Alltests
-------------------------------------------------------------------------------
Tests run: 28, Failures: 7, Errors: 0, Skipped: 0, Time elapsed: 97.575 s <<< FAILURE! - in br.com.restassuredapitesting.runners.Alltests
validateErrorSearchWrongFirstnameParameter(br.com.restassuredapitesting.tests.booking.tests.GetBookingTest)  Time elapsed: 1.053 s  <<< FAILURE!
java.lang.AssertionError: 
1 expectation failed.
Expected status code <400> but was <200>.

	at br.com.restassuredapitesting.tests.booking.tests.GetBookingTest.validateErrorSearchWrongFirstnameParameter(GetBookingTest.java:211)

valiateBookingSearchCheckoutTwiceParameter(br.com.restassuredapitesting.tests.booking.tests.GetBookingTest)  Time elapsed: 1.679 s  <<< FAILURE!
java.lang.AssertionError: 
1 expectation failed.
Expected status code <200> but was <500>.

	at br.com.restassuredapitesting.tests.booking.tests.GetBookingTest.valiateBookingSearchCheckoutTwiceParameter(GetBookingTest.java:164)

validateBookingSearchCheckinParameter(br.com.restassuredapitesting.tests.booking.tests.GetBookingTest)  Time elapsed: 1.799 s  <<< FAILURE!
java.lang.AssertionError: 
1 expectation failed.
JSON path bookingid doesn't match.
Expected: a collection containing <136>
  Actual: [6, 2, 4, 9, 10]

	at br.com.restassuredapitesting.tests.booking.tests.GetBookingTest.validateBookingSearchCheckinParameter(GetBookingTest.java:133)

validateSearchErrorInvalidParameter(br.com.restassuredapitesting.tests.booking.tests.GetBookingTest)  Time elapsed: 1.689 s  <<< FAILURE!
java.lang.AssertionError: 
1 expectation failed.
Expected status code <400> but was <200>.

	at br.com.restassuredapitesting.tests.booking.tests.GetBookingTest.validateSearchErrorInvalidParameter(GetBookingTest.java:225)

validateBookingSearchNameCheckinCheckoutParameter(br.com.restassuredapitesting.tests.booking.tests.GetBookingTest)  Time elapsed: 1.664 s  <<< FAILURE!
java.lang.AssertionError: 
1 expectation failed.
JSON path bookingid doesn't match.
Expected: a collection containing <136>
  Actual: []

	at br.com.restassuredapitesting.tests.booking.tests.GetBookingTest.validateBookingSearchNameCheckinCheckoutParameter(GetBookingTest.java:186)

validateErrorBookingUpdateWithoutTokenParameter(br.com.restassuredapitesting.tests.booking.tests.PutBookingTest)  Time elapsed: 1.637 s  <<< FAILURE!
java.lang.AssertionError: 
1 expectation failed.
Expected status code <4033> but was <403>.

	at br.com.restassuredapitesting.tests.booking.tests.PutBookingTest.validateErrorBookingUpdateWithoutTokenParameter(PutBookingTest.java:66)

validateCreateNewBookingWithExtraParameter(br.com.restassuredapitesting.tests.booking.tests.PostBookingTest)  Time elapsed: 0.8 s  <<< FAILURE!
java.lang.AssertionError: 
1 expectation failed.
JSON path booking doesn't match.
Expected: map containing ["campo 1"->ANYTHING]
  Actual: {firstname=Stephani, additionalneeds=Breakfast, bookingdates={checkin=2018-01-01, checkout=2019-01-01}, totalprice=111, depositpaid=true, lastname=Pouros}

	at br.com.restassuredapitesting.tests.booking.tests.PostBookingTest.validateCreateNewBookingWithExtraParameter(PostBookingTest.java:64)

