<?xml version="1.0" encoding="UTF-8"?>
<testsuite xmlns:xsi="http://www.w3.org/2001/XMLSchema-instance" xsi:noNamespaceSchemaLocation="https://maven.apache.org/surefire/maven-surefire-plugin/xsd/surefire-test-report.xsd" name="br.com.restassuredapitesting.tests.booking.tests.GetBookingTest" time="6.778" tests="12" errors="0" skipped="0" failures="5">
  <properties>
[...]
</properties>
  <testcase name="validateErrorSearchWrongFirstnameParameter" classname="br.com.restassuredapitesting.tests.booking.tests.GetBookingTest" time="1.834">
    <failure message="1 expectation failed.&#10;Expected status code &lt;400&gt; but was &lt;200&gt;.&#10;" type="java.lang.AssertionError"><![CDATA[java.lang.AssertionError: 
1 expectation failed.
Expected status code <400> but was <200>.

	at br.com.restassuredapitesting.tests.booking.tests.GetBookingTest.validateErrorSearchWrongFirstnameParameter(GetBookingTest.java:217)
]]></failure>
    <system-out><![CDATA[HTTP/1.1 200 OK
Server: Cowboy
Connection: keep-alive
X-Powered-By: Express
Content-Type: application/json; charset=utf-8
Content-Length: 2
Etag: W/"2-l9Fw4VUO7kr8CvBlt4zaMCqXZ0w"
Date: Sat, 30 Oct 2021 06:07:40 GMT
Via: 1.1 vegur

[
    
]
]]></system-out>
  </testcase>
  <testcase name="validateSpecificBookingSchema" classname="br.com.restassuredapitesting.tests.booking.tests.GetBookingTest" time="6.681"/>
  <testcase name="validateBookingList" classname="br.com.restassuredapitesting.tests.booking.tests.GetBookingTest" time="5.93"/>
  <testcase name="validateErrorSearchWrongCheckinParameter" classname="br.com.restassuredapitesting.tests.booking.tests.GetBookingTest" time="1.64"/>
  <testcase name="validateBookingListSchema" classname="br.com.restassuredapitesting.tests.booking.tests.GetBookingTest" time="6.767"/>
  <testcase name="validateBookingSearchCheckoutParameter" classname="br.com.restassuredapitesting.tests.booking.tests.GetBookingTest" time="5.857"/>
  <testcase name="valiateBookingSearchCheckoutTwiceParameter" classname="br.com.restassuredapitesting.tests.booking.tests.GetBookingTest" time="4.07">
    <failure message="1 expectation failed.&#10;Expected status code &lt;200&gt; but was &lt;500&gt;.&#10;" type="java.lang.AssertionError"><![CDATA[java.lang.AssertionError: 
1 expectation failed.
Expected status code <200> but was <500>.

	at br.com.restassuredapitesting.tests.booking.tests.GetBookingTest.valiateBookingSearchCheckoutTwiceParameter(GetBookingTest.java:169)
]]></failure>
    <system-out><![CDATA[HTTP/1.1 500 Internal Server Error
Server: Cowboy
Connection: keep-alive
X-Powered-By: Express
Content-Type: text/plain; charset=utf-8
Content-Length: 21
Etag: W/"15-/6VXivhc2MKdLfIkLcUE47K6aH0"
Date: Sat, 30 Oct 2021 06:07:42 GMT
Via: 1.1 vegur

Internal Server Error
]]></system-out>
  </testcase>
  <testcase name="validateBookingSearchNameCheckinCheckoutParameter" classname="br.com.restassuredapitesting.tests.booking.tests.GetBookingTest" time="4.353">
    <failure message="1 expectation failed.&#10;JSON path bookingid doesn&apos;t match.&#10;Expected: a collection containing &lt;702&gt;&#10;  Actual: []&#10;" type="java.lang.AssertionError"><![CDATA[java.lang.AssertionError: 
1 expectation failed.
JSON path bookingid doesn't match.
Expected: a collection containing <702>
  Actual: []

	at br.com.restassuredapitesting.tests.booking.tests.GetBookingTest.validateBookingSearchNameCheckinCheckoutParameter(GetBookingTest.java:192)
]]></failure>
    <system-out><![CDATA[HTTP/1.1 200 OK
Server: Cowboy
Connection: keep-alive
X-Powered-By: Express
Content-Type: application/json; charset=utf-8
Content-Length: 2
Etag: W/"2-l9Fw4VUO7kr8CvBlt4zaMCqXZ0w"
Date: Sat, 30 Oct 2021 06:07:42 GMT
Via: 1.1 vegur

[
    
]
]]></system-out>
  </testcase>
  <testcase name="validateBookingSearchLastnameParameter" classname="br.com.restassuredapitesting.tests.booking.tests.GetBookingTest" time="5.884"/>
  <testcase name="validateSearchErrorInvalidParameter" classname="br.com.restassuredapitesting.tests.booking.tests.GetBookingTest" time="4.075">
    <failure message="1 expectation failed.&#10;Expected status code &lt;400&gt; but was &lt;200&gt;.&#10;" type="java.lang.AssertionError"><![CDATA[java.lang.AssertionError: 
1 expectation failed.
Expected status code <400> but was <200>.

	at br.com.restassuredapitesting.tests.booking.tests.GetBookingTest.validateSearchErrorInvalidParameter(GetBookingTest.java:233)
]]></failure>
    <system-out><![CDATA[HTTP/1.1 200 OK
Server: Cowboy
Connection: keep-alive
X-Powered-By: Express
Content-Type: application/json; charset=utf-8
Content-Length: 4985
Etag: W/"1379-llST28+aLi9YdIZDQLJqdvMtcqU"
Date: Sat, 30 Oct 2021 06:07:42 GMT
Via: 1.1 vegur

[
    {
        "bookingid": 700
    },
    {
        "bookingid": 449
    },
    {
        "bookingid": 429
    },
    {
        "bookingid": 305
    },
    {
        "bookingid": 457
    },
    {
        "bookingid": 480
    },
    {
        "bookingid": 643
    },
    {
        "bookingid": 549
    },
    {
        "bookingid": 402
    },
    {
        "bookingid": 245
    },
    {
        "bookingid": 258
    },
    {
        "bookingid": 327
    },
    {
        "bookingid": 484
    },
    {
        "bookingid": 595
    },
    {
        "bookingid": 398
    },
    {
        "bookingid": 551
    },
    {
        "bookingid": 136
    },
    {
        "bookingid": 145
    },
    {
        "bookingid": 194
    },
    {
        "bookingid": 157
    },
    {
        "bookingid": 498
    },
    {
        "bookingid": 329
    },
    {
        "bookingid": 566
    },
    {
        "bookingid": 499
    },
    {
        "bookingid": 201
    },
    {
        "bookingid": 96
    },
    {
        "bookingid": 278
    },
    {
        "bookingid": 408
    },
    {
        "bookingid": 121
    },
    {
        "bookingid": 163
    },
    {
        "bookingid": 495
    },
    {
        "bookingid": 399
    },
    {
        "bookingid": 101
    },
    {
        "bookingid": 215
    },
    {
        "bookingid": 600
    },
    {
        "bookingid": 65
    },
    {
        "bookingid": 641
    },
    {
        "bookingid": 282
    },
    {
        "bookingid": 697
    },
    {
        "bookingid": 616
    },
    {
        "bookingid": 686
    },
    {
        "bookingid": 219
    },
    {
        "bookingid": 679
    },
    {
        "bookingid": 529
    },
    {
        "bookingid": 310
    },
    {
        "bookingid": 338
    },
    {
        "bookingid": 183
    },
    {
        "bookingid": 579
    },
    {
        "bookingid": 26
    },
    {
        "bookingid": 546
    },
    {
        "bookingid": 695
    },
    {
        "bookingid": 424
    },
    {
        "bookingid": 181
    },
    {
        "bookingid": 452
    },
    {
        "bookingid": 622
    },
    {
        "bookingid": 519
    },
    {
        "bookingid": 675
    },
    {
        "bookingid": 7
    },
    {
        "bookingid": 567
    },
    {
        "bookingid": 17
    },
    {
        "bookingid": 206
    },
    {
        "bookingid": 527
    },
    {
        "bookingid": 119
    },
    {
        "bookingid": 266
    },
    {
        "bookingid": 448
    },
    {
        "bookingid": 618
    },
    {
        "bookingid": 698
    },
    {
        "bookingid": 62
    },
    {
        "bookingid": 387
    },
    {
        "bookingid": 63
    },
    {
        "bookingid": 177
    },
    {
        "bookingid": 64
    },
    {
        "bookingid": 6
    },
    {
        "bookingid": 207
    },
    {
        "bookingid": 123
    },
    {
        "bookingid": 337
    },
    {
        "bookingid": 68
    },
    {
        "bookingid": 680
    },
    {
        "bookingid": 35
    },
    {
        "bookingid": 208
    },
    {
        "bookingid": 433
    },
    {
        "bookingid": 568
    },
    {
        "bookingid": 71
    },
    {
        "bookingid": 544
    },
    {
        "bookingid": 42
    },
    {
        "bookingid": 400
    },
    {
        "bookingid": 239
    },
    {
        "bookingid": 254
    },
    {
        "bookingid": 2
    },
    {
        "bookingid": 504
    },
    {
        "bookingid": 647
    },
    {
        "bookingid": 255
    },
    {
        "bookingid": 22
    },
    {
        "bookingid": 518
    },
    {
        "bookingid": 34
    },
    {
        "bookingid": 135
    },
    {
        "bookingid": 450
    },
    {
        "bookingid": 146
    },
    {
        "bookingid": 28
    },
    {
        "bookingid": 571
    },
    {
        "bookingid": 521
    },
    {
        "bookingid": 76
    },
    {
        "bookingid": 180
    },
    {
        "bookingid": 118
    },
    {
        "bookingid": 193
    },
    {
        "bookingid": 3
    },
    {
        "bookingid": 133
    },
    {
        "bookingid": 32
    },
    {
        "bookingid": 350
    },
    {
        "bookingid": 103
    },
    {
        "bookingid": 120
    },
    {
        "bookingid": 256
    },
    {
        "bookingid": 577
    },
    {
        "bookingid": 690
    },
    {
        "bookingid": 13
    },
    {
        "bookingid": 286
    },
    {
        "bookingid": 14
    },
    {
        "bookingid": 581
    },
    {
        "bookingid": 532
    },
    {
        "bookingid": 306
    },
    {
        "bookingid": 552
    },
    {
        "bookingid": 75
    },
    {
        "bookingid": 358
    },
    {
        "bookingid": 677
    },
    {
        "bookingid": 4
    },
    {
        "bookingid": 351
    },
    {
        "bookingid": 646
    },
    {
        "bookingid": 620
    },
    {
        "bookingid": 257
    },
    {
        "bookingid": 95
    },
    {
        "bookingid": 472
    },
    {
        "bookingid": 46
    },
    {
        "bookingid": 94
    },
    {
        "bookingid": 122
    },
    {
        "bookingid": 644
    },
    {
        "bookingid": 460
    },
    {
        "bookingid": 530
    },
    {
        "bookingid": 501
    },
    {
        "bookingid": 353
    },
    {
        "bookingid": 283
    },
    {
        "bookingid": 649
    },
    {
        "bookingid": 673
    },
    {
        "bookingid": 233
    },
    {
        "bookingid": 8
    },
    {
        "bookingid": 210
    },
    {
        "bookingid": 99
    },
    {
        "bookingid": 473
    },
    {
        "bookingid": 422
    },
    {
        "bookingid": 617
    },
    {
        "bookingid": 591
    },
    {
        "bookingid": 385
    },
    {
        "bookingid": 597
    },
    {
        "bookingid": 182
    },
    {
        "bookingid": 302
    },
    {
        "bookingid": 570
    },
    {
        "bookingid": 134
    },
    {
        "bookingid": 578
    },
    {
        "bookingid": 542
    },
    {
        "bookingid": 67
    },
    {
        "bookingid": 159
    },
    {
        "bookingid": 91
    },
    {
        "bookingid": 9
    },
    {
        "bookingid": 543
    },
    {
        "bookingid": 18
    },
    {
        "bookingid": 494
    },
    {
        "bookingid": 598
    },
    {
        "bookingid": 376
    },
    {
        "bookingid": 132
    },
    {
        "bookingid": 236
    },
    {
        "bookingid": 156
    },
    {
        "bookingid": 447
    },
    {
        "bookingid": 161
    },
    {
        "bookingid": 328
    },
    {
        "bookingid": 428
    },
    {
        "bookingid": 405
    },
    {
        "bookingid": 645
    },
    {
        "bookingid": 5
    },
    {
        "bookingid": 704
    },
    {
        "bookingid": 200
    },
    {
        "bookingid": 290
    },
    {
        "bookingid": 240
    },
    {
        "bookingid": 381
    },
    {
        "bookingid": 593
    },
    {
        "bookingid": 326
    },
    {
        "bookingid": 594
    },
    {
        "bookingid": 20
    },
    {
        "bookingid": 333
    },
    {
        "bookingid": 359
    },
    {
        "bookingid": 234
    },
    {
        "bookingid": 615
    },
    {
        "bookingid": 550
    },
    {
        "bookingid": 642
    },
    {
        "bookingid": 453
    },
    {
        "bookingid": 434
    },
    {
        "bookingid": 352
    },
    {
        "bookingid": 179
    },
    {
        "bookingid": 260
    },
    {
        "bookingid": 264
    },
    {
        "bookingid": 605
    },
    {
        "bookingid": 279
    },
    {
        "bookingid": 304
    },
    {
        "bookingid": 216
    },
    {
        "bookingid": 426
    },
    {
        "bookingid": 403
    },
    {
        "bookingid": 93
    },
    {
        "bookingid": 280
    },
    {
        "bookingid": 701
    },
    {
        "bookingid": 117
    },
    {
        "bookingid": 289
    },
    {
        "bookingid": 209
    },
    {
        "bookingid": 474
    },
    {
        "bookingid": 102
    },
    {
        "bookingid": 676
    },
    {
        "bookingid": 481
    },
    {
        "bookingid": 192
    },
    {
        "bookingid": 45
    },
    {
        "bookingid": 360
    },
    {
        "bookingid": 470
    },
    {
        "bookingid": 619
    },
    {
        "bookingid": 44
    },
    {
        "bookingid": 19
    },
    {
        "bookingid": 496
    },
    {
        "bookingid": 70
    },
    {
        "bookingid": 640
    },
    {
        "bookingid": 378
    },
    {
        "bookingid": 30
    },
    {
        "bookingid": 147
    },
    {
        "bookingid": 497
    },
    {
        "bookingid": 678
    },
    {
        "bookingid": 315
    },
    {
        "bookingid": 388
    },
    {
        "bookingid": 217
    },
    {
        "bookingid": 569
    },
    {
        "bookingid": 703
    },
    {
        "bookingid": 15
    },
    {
        "bookingid": 312
    },
    {
        "bookingid": 699
    },
    {
        "bookingid": 689
    },
    {
        "bookingid": 404
    },
    {
        "bookingid": 309
    },
    {
        "bookingid": 10
    },
    {
        "bookingid": 162
    },
    {
        "bookingid": 265
    },
    {
        "bookingid": 69
    },
    {
        "bookingid": 471
    },
    {
        "bookingid": 377
    },
    {
        "bookingid": 334
    },
    {
        "bookingid": 77
    },
    {
        "bookingid": 475
    },
    {
        "bookingid": 625
    },
    {
        "bookingid": 25
    },
    {
        "bookingid": 674
    },
    {
        "bookingid": 204
    },
    {
        "bookingid": 330
    },
    {
        "bookingid": 303
    },
    {
        "bookingid": 696
    },
    {
        "bookingid": 702
    },
    {
        "bookingid": 401
    },
    {
        "bookingid": 356
    },
    {
        "bookingid": 178
    },
    {
        "bookingid": 354
    },
    {
        "bookingid": 630
    },
    {
        "bookingid": 522
    },
    {
        "bookingid": 374
    },
    {
        "bookingid": 592
    },
    {
        "bookingid": 446
    },
    {
        "bookingid": 507
    },
    {
        "bookingid": 648
    },
    {
        "bookingid": 621
    },
    {
        "bookingid": 238
    },
    {
        "bookingid": 425
    },
    {
        "bookingid": 21
    },
    {
        "bookingid": 375
    },
    {
        "bookingid": 281
    },
    {
        "bookingid": 205
    },
    {
        "bookingid": 423
    },
    {
        "bookingid": 688
    },
    {
        "bookingid": 682
    },
    {
        "bookingid": 11
    },
    {
        "bookingid": 545
    }
]
]]></system-out>
  </testcase>
  <testcase name="validateBookingSearchFirstnameParameter" classname="br.com.restassuredapitesting.tests.booking.tests.GetBookingTest" time="5.883"/>
  <testcase name="validateBookingSearchCheckinParameter" classname="br.com.restassuredapitesting.tests.booking.tests.GetBookingTest" time="4.339">
    <failure message="1 expectation failed.&#10;JSON path bookingid doesn&apos;t match.&#10;Expected: a collection containing &lt;698&gt;&#10;  Actual: [6, 2, 4, 9, 10]&#10;" type="java.lang.AssertionError"><![CDATA[java.lang.AssertionError: 
1 expectation failed.
JSON path bookingid doesn't match.
Expected: a collection containing <698>
  Actual: [6, 2, 4, 9, 10]

	at br.com.restassuredapitesting.tests.booking.tests.GetBookingTest.validateBookingSearchCheckinParameter(GetBookingTest.java:134)
]]></failure>
    <system-out><![CDATA[HTTP/1.1 200 OK
Server: Cowboy
Connection: keep-alive
X-Powered-By: Express
Content-Type: application/json; charset=utf-8
Content-Length: 82
Etag: W/"52-W8gDiQwurFvr/s+f7HNRf58Q8g0"
Date: Sat, 30 Oct 2021 06:07:42 GMT
Via: 1.1 vegur

[
    {
        "bookingid": 6
    },
    {
        "bookingid": 2
    },
    {
        "bookingid": 4
    },
    {
        "bookingid": 9
    },
    {
        "bookingid": 10
    }
]
]]></system-out>
  </testcase>
</testsuite>