<?xml version="1.0" encoding="UTF-8"?>
<testsuite xmlns:xsi="http://www.w3.org/2001/XMLSchema-instance" xsi:noNamespaceSchemaLocation="https://maven.apache.org/surefire/maven-surefire-plugin/xsd/surefire-test-report.xsd" name="br.com.restassuredapitesting.runners.Alltests" time="97.575" tests="28" errors="0" skipped="0" failures="7">
  <properties>
[...]
</properties>
  <testcase name="validateOnlineAPI" classname="br.com.restassuredapitesting.tests.ping.tests.GetPingTest" time="4.404"/>
  <testcase name="validateErrorSearchWrongFirstnameParameter" classname="br.com.restassuredapitesting.tests.booking.tests.GetBookingTest" time="1.053">
    <failure message="1 expectation failed.&#10;Expected status code &lt;400&gt; but was &lt;200&gt;.&#10;" type="java.lang.AssertionError"><![CDATA[java.lang.AssertionError: 
1 expectation failed.
Expected status code <400> but was <200>.

	at br.com.restassuredapitesting.tests.booking.tests.GetBookingTest.validateErrorSearchWrongFirstnameParameter(GetBookingTest.java:211)
]]></failure>
    <system-out><![CDATA[HTTP/1.1 200 OK
Server: Cowboy
Connection: keep-alive
X-Powered-By: Express
Content-Type: application/json; charset=utf-8
Content-Length: 2
Etag: W/"2-l9Fw4VUO7kr8CvBlt4zaMCqXZ0w"
Date: Sat, 30 Oct 2021 04:14:35 GMT
Via: 1.1 vegur

[
    
]
]]></system-out>
  </testcase>
  <testcase name="validateSpecificBookingSchema" classname="br.com.restassuredapitesting.tests.booking.tests.GetBookingTest" time="5.337"/>
  <testcase name="valiateBookingSearchCheckoutTwiceParameter" classname="br.com.restassuredapitesting.tests.booking.tests.GetBookingTest" time="1.679">
    <failure message="1 expectation failed.&#10;Expected status code &lt;200&gt; but was &lt;500&gt;.&#10;" type="java.lang.AssertionError"><![CDATA[java.lang.AssertionError: 
1 expectation failed.
Expected status code <200> but was <500>.

	at br.com.restassuredapitesting.tests.booking.tests.GetBookingTest.valiateBookingSearchCheckoutTwiceParameter(GetBookingTest.java:164)
]]></failure>
    <system-out><![CDATA[HTTP/1.1 500 Internal Server Error
Server: Cowboy
Connection: keep-alive
X-Powered-By: Express
Content-Type: text/plain; charset=utf-8
Content-Length: 21
Etag: W/"15-/6VXivhc2MKdLfIkLcUE47K6aH0"
Date: Sat, 30 Oct 2021 04:14:46 GMT
Via: 1.1 vegur

Internal Server Error
]]></system-out>
  </testcase>
  <testcase name="validateBookingListSchema" classname="br.com.restassuredapitesting.tests.booking.tests.GetBookingTest" time="3.413"/>
  <testcase name="validateBookingSearchCheckinParameter" classname="br.com.restassuredapitesting.tests.booking.tests.GetBookingTest" time="1.799">
    <failure message="1 expectation failed.&#10;JSON path bookingid doesn&apos;t match.&#10;Expected: a collection containing &lt;136&gt;&#10;  Actual: [6, 2, 4, 9, 10]&#10;" type="java.lang.AssertionError"><![CDATA[java.lang.AssertionError: 
1 expectation failed.
JSON path bookingid doesn't match.
Expected: a collection containing <136>
  Actual: [6, 2, 4, 9, 10]

	at br.com.restassuredapitesting.tests.booking.tests.GetBookingTest.validateBookingSearchCheckinParameter(GetBookingTest.java:133)
]]></failure>
    <system-out><![CDATA[HTTP/1.1 200 OK
Server: Cowboy
Connection: keep-alive
X-Powered-By: Express
Content-Type: application/json; charset=utf-8
Content-Length: 82
Etag: W/"52-W8gDiQwurFvr/s+f7HNRf58Q8g0"
Date: Sat, 30 Oct 2021 04:14:54 GMT
Via: 1.1 vegur

[
    {
        "bookingid": 6
    },
    {
        "bookingid": 2
    },
    {
        "bookingid": 4
    },
    {
        "bookingid": 9
    },
    {
        "bookingid": 10
    }
]
]]></system-out>
  </testcase>
  <testcase name="validateSearchErrorInvalidParameter" classname="br.com.restassuredapitesting.tests.booking.tests.GetBookingTest" time="1.689">
    <failure message="1 expectation failed.&#10;Expected status code &lt;400&gt; but was &lt;200&gt;.&#10;" type="java.lang.AssertionError"><![CDATA[java.lang.AssertionError: 
1 expectation failed.
Expected status code <400> but was <200>.

	at br.com.restassuredapitesting.tests.booking.tests.GetBookingTest.validateSearchErrorInvalidParameter(GetBookingTest.java:225)
]]></failure>
    <system-out><![CDATA[HTTP/1.1 200 OK
Server: Cowboy
Connection: keep-alive
X-Powered-By: Express
Content-Type: application/json; charset=utf-8
Content-Length: 1745
Etag: W/"6d1-I9zarvADNQoeihEIppZbWGDNEK8"
Date: Sat, 30 Oct 2021 04:14:58 GMT
Via: 1.1 vegur

[
    {
        "bookingid": 136
    },
    {
        "bookingid": 145
    },
    {
        "bookingid": 194
    },
    {
        "bookingid": 157
    },
    {
        "bookingid": 201
    },
    {
        "bookingid": 96
    },
    {
        "bookingid": 121
    },
    {
        "bookingid": 163
    },
    {
        "bookingid": 101
    },
    {
        "bookingid": 215
    },
    {
        "bookingid": 65
    },
    {
        "bookingid": 219
    },
    {
        "bookingid": 183
    },
    {
        "bookingid": 26
    },
    {
        "bookingid": 181
    },
    {
        "bookingid": 7
    },
    {
        "bookingid": 17
    },
    {
        "bookingid": 206
    },
    {
        "bookingid": 119
    },
    {
        "bookingid": 62
    },
    {
        "bookingid": 63
    },
    {
        "bookingid": 177
    },
    {
        "bookingid": 64
    },
    {
        "bookingid": 6
    },
    {
        "bookingid": 207
    },
    {
        "bookingid": 123
    },
    {
        "bookingid": 68
    },
    {
        "bookingid": 35
    },
    {
        "bookingid": 208
    },
    {
        "bookingid": 71
    },
    {
        "bookingid": 42
    },
    {
        "bookingid": 239
    },
    {
        "bookingid": 2
    },
    {
        "bookingid": 22
    },
    {
        "bookingid": 34
    },
    {
        "bookingid": 135
    },
    {
        "bookingid": 146
    },
    {
        "bookingid": 28
    },
    {
        "bookingid": 76
    },
    {
        "bookingid": 180
    },
    {
        "bookingid": 118
    },
    {
        "bookingid": 193
    },
    {
        "bookingid": 3
    },
    {
        "bookingid": 133
    },
    {
        "bookingid": 32
    },
    {
        "bookingid": 103
    },
    {
        "bookingid": 120
    },
    {
        "bookingid": 13
    },
    {
        "bookingid": 14
    },
    {
        "bookingid": 75
    },
    {
        "bookingid": 4
    },
    {
        "bookingid": 95
    },
    {
        "bookingid": 46
    },
    {
        "bookingid": 94
    },
    {
        "bookingid": 122
    },
    {
        "bookingid": 233
    },
    {
        "bookingid": 8
    },
    {
        "bookingid": 210
    },
    {
        "bookingid": 99
    },
    {
        "bookingid": 182
    },
    {
        "bookingid": 134
    },
    {
        "bookingid": 67
    },
    {
        "bookingid": 159
    },
    {
        "bookingid": 91
    },
    {
        "bookingid": 9
    },
    {
        "bookingid": 18
    },
    {
        "bookingid": 132
    },
    {
        "bookingid": 236
    },
    {
        "bookingid": 156
    },
    {
        "bookingid": 161
    },
    {
        "bookingid": 5
    },
    {
        "bookingid": 200
    },
    {
        "bookingid": 20
    },
    {
        "bookingid": 234
    },
    {
        "bookingid": 179
    },
    {
        "bookingid": 216
    },
    {
        "bookingid": 93
    },
    {
        "bookingid": 117
    },
    {
        "bookingid": 209
    },
    {
        "bookingid": 102
    },
    {
        "bookingid": 192
    },
    {
        "bookingid": 45
    },
    {
        "bookingid": 44
    },
    {
        "bookingid": 19
    },
    {
        "bookingid": 70
    },
    {
        "bookingid": 30
    },
    {
        "bookingid": 147
    },
    {
        "bookingid": 217
    },
    {
        "bookingid": 15
    },
    {
        "bookingid": 10
    },
    {
        "bookingid": 162
    },
    {
        "bookingid": 69
    },
    {
        "bookingid": 77
    },
    {
        "bookingid": 25
    },
    {
        "bookingid": 204
    },
    {
        "bookingid": 178
    },
    {
        "bookingid": 238
    },
    {
        "bookingid": 21
    },
    {
        "bookingid": 205
    },
    {
        "bookingid": 11
    }
]
]]></system-out>
  </testcase>
  <testcase name="validateBookingSearchNameCheckinCheckoutParameter" classname="br.com.restassuredapitesting.tests.booking.tests.GetBookingTest" time="1.664">
    <failure message="1 expectation failed.&#10;JSON path bookingid doesn&apos;t match.&#10;Expected: a collection containing &lt;136&gt;&#10;  Actual: []&#10;" type="java.lang.AssertionError"><![CDATA[java.lang.AssertionError: 
1 expectation failed.
JSON path bookingid doesn't match.
Expected: a collection containing <136>
  Actual: []

	at br.com.restassuredapitesting.tests.booking.tests.GetBookingTest.validateBookingSearchNameCheckinCheckoutParameter(GetBookingTest.java:186)
]]></failure>
    <system-out><![CDATA[HTTP/1.1 200 OK
Server: Cowboy
Connection: keep-alive
X-Powered-By: Express
Content-Type: application/json; charset=utf-8
Content-Length: 2
Etag: W/"2-l9Fw4VUO7kr8CvBlt4zaMCqXZ0w"
Date: Sat, 30 Oct 2021 04:15:01 GMT
Via: 1.1 vegur

[
    
]
]]></system-out>
  </testcase>
  <testcase name="validateBookingList" classname="br.com.restassuredapitesting.tests.booking.tests.GetBookingTest" time="3.359"/>
  <testcase name="validateBookingSearchFirstnameParameter" classname="br.com.restassuredapitesting.tests.booking.tests.GetBookingTest" time="3.296"/>
  <testcase name="validateBookingSearchLastnameParameter" classname="br.com.restassuredapitesting.tests.booking.tests.GetBookingTest" time="3.268"/>
  <testcase name="validateBookingSearchCheckoutParameter" classname="br.com.restassuredapitesting.tests.booking.tests.GetBookingTest" time="3.197"/>
  <testcase name="validateErrorSearchWrongCheckinParameter" classname="br.com.restassuredapitesting.tests.booking.tests.GetBookingTest" time="0.796"/>
  <testcase name="validateTokenReturn" classname="br.com.restassuredapitesting.tests.auth.tests.PostAuthTest" time="0.81"/>
  <testcase name="validateErrorBookingUpdateWithoutTokenParameter" classname="br.com.restassuredapitesting.tests.booking.tests.PutBookingTest" time="1.637">
    <failure message="1 expectation failed.&#10;Expected status code &lt;4033&gt; but was &lt;403&gt;.&#10;" type="java.lang.AssertionError"><![CDATA[java.lang.AssertionError: 
1 expectation failed.
Expected status code <4033> but was <403>.

	at br.com.restassuredapitesting.tests.booking.tests.PutBookingTest.validateErrorBookingUpdateWithoutTokenParameter(PutBookingTest.java:66)
]]></failure>
    <system-out><![CDATA[HTTP/1.1 403 Forbidden
Server: Cowboy
Connection: keep-alive
X-Powered-By: Express
Content-Type: text/plain; charset=utf-8
Content-Length: 9
Etag: W/"9-PatfYBLj4Um1qTm5zrukoLhNyPU"
Date: Sat, 30 Oct 2021 04:15:27 GMT
Via: 1.1 vegur

Forbidden
]]></system-out>
  </testcase>
  <testcase name="validateErrorBookingUpdateInvalidToken" classname="br.com.restassuredapitesting.tests.booking.tests.PutBookingTest" time="3.134"/>
  <testcase name="validateErrorInvalidBookingUpdate" classname="br.com.restassuredapitesting.tests.booking.tests.PutBookingTest" time="3.915"/>
  <testcase name="validateBookingUpdateBasicAuthParameter" classname="br.com.restassuredapitesting.tests.booking.tests.PutBookingTest" time="3.076"/>
  <testcase name="validateBookingUpdateTokenParameter" classname="br.com.restassuredapitesting.tests.booking.tests.PutBookingTest" time="3.869"/>
  <testcase name="validateBookingDeleteUsingBasicAuth" classname="br.com.restassuredapitesting.tests.booking.tests.DeleteBookingTest" time="1.597"/>
  <testcase name="deleteBooking" classname="br.com.restassuredapitesting.tests.booking.tests.DeleteBookingTest" time="2.294"/>
  <testcase name="validateErrorBookingDeleteInvalidToken" classname="br.com.restassuredapitesting.tests.booking.tests.DeleteBookingTest" time="3.045"/>
  <testcase name="deleteInvalidBookingError" classname="br.com.restassuredapitesting.tests.booking.tests.DeleteBookingTest" time="3.814"/>
  <testcase name="createNewBooking" classname="br.com.restassuredapitesting.tests.booking.tests.PostBookingTest" time="0.818"/>
  <testcase name="createNewBookingTwice" classname="br.com.restassuredapitesting.tests.booking.tests.PostBookingTest" time="1.585"/>
  <testcase name="validateCreateBookingErrorWrongHeader" classname="br.com.restassuredapitesting.tests.booking.tests.PostBookingTest" time="0.811"/>
  <testcase name="validateErrorCreateBookingInvalidPayload" classname="br.com.restassuredapitesting.tests.booking.tests.PostBookingTest" time="0.991"/>
  <testcase name="validateCreateNewBookingWithExtraParameter" classname="br.com.restassuredapitesting.tests.booking.tests.PostBookingTest" time="0.8">
    <failure message="1 expectation failed.&#10;JSON path booking doesn&apos;t match.&#10;Expected: map containing [&quot;campo 1&quot;-&gt;ANYTHING]&#10;  Actual: {firstname=Stephani, additionalneeds=Breakfast, bookingdates={checkin=2018-01-01, checkout=2019-01-01}, totalprice=111, depositpaid=true, lastname=Pouros}&#10;" type="java.lang.AssertionError">java.lang.AssertionError: 
1 expectation failed.
JSON path booking doesn't match.
Expected: map containing ["campo 1"->ANYTHING]
  Actual: {firstname=Stephani, additionalneeds=Breakfast, bookingdates={checkin=2018-01-01, checkout=2019-01-01}, totalprice=111, depositpaid=true, lastname=Pouros}

	at br.com.restassuredapitesting.tests.booking.tests.PostBookingTest.validateCreateNewBookingWithExtraParameter(PostBookingTest.java:64)
</failure>
    <system-out><![CDATA[HTTP/1.1 200 OK
Server: Cowboy
Connection: keep-alive
X-Powered-By: Express
Content-Type: application/json; charset=utf-8
Content-Length: 202
Etag: W/"ca-VSKFNCkueR/lHwHLYpSvVqJa0+o"
Date: Sat, 30 Oct 2021 04:16:03 GMT
Via: 1.1 vegur

{
    "bookingid": 258,
    "booking": {
        "firstname": "Stephani",
        "lastname": "Pouros",
        "totalprice": 111,
        "depositpaid": true,
        "bookingdates": {
            "checkin": "2018-01-01",
            "checkout": "2019-01-01"
        },
        "additionalneeds": "Breakfast"
    }
}
]]></system-out>
  </testcase>
</testsuite>